2019-01-17 18:26:04.430  INFO 3064 --- [restartedMain] c.h.s.SpingbootDemoApplication           : Starting SpingbootDemoApplication on DESKTOP-9L4SDH1 with PID 3064 (E:\java_project\hans\demo\spingbootDemo\target\classes started by hxxx1 in E:\java_project\hans\demo\spingbootDemo)
2019-01-17 18:26:04.436  INFO 3064 --- [restartedMain] c.h.s.SpingbootDemoApplication           : No active profile set, falling back to default profiles: default
2019-01-17 18:26:04.697  INFO 3064 --- [restartedMain] .e.DevToolsPropertyDefaultsPostProcessor : Devtools property defaults active! Set 'spring.devtools.add-properties' to 'false' to disable
2019-01-17 18:26:04.698  INFO 3064 --- [restartedMain] .e.DevToolsPropertyDefaultsPostProcessor : For additional web related logging consider setting the 'logging.level.web' property to 'DEBUG'
2019-01-17 18:26:06.677  INFO 3064 --- [restartedMain] .s.d.r.c.RepositoryConfigurationDelegate : Multiple Spring Data modules found, entering strict repository configuration mode!
2019-01-17 18:26:06.679  INFO 3064 --- [restartedMain] .s.d.r.c.RepositoryConfigurationDelegate : Bootstrapping Spring Data repositories in DEFAULT mode.
2019-01-17 18:26:06.802  INFO 3064 --- [restartedMain] .s.d.r.c.RepositoryConfigurationDelegate : Finished Spring Data repository scanning in 54ms. Found 0 repository interfaces.
2019-01-17 18:26:07.075  INFO 3064 --- [restartedMain] trationDelegate$BeanPostProcessorChecker : Bean 'org.springframework.transaction.annotation.ProxyTransactionManagementConfiguration' of type [org.springframework.transaction.annotation.ProxyTransactionManagementConfiguration$$EnhancerBySpringCGLIB$$6dc123cd] is not eligible for getting processed by all BeanPostProcessors (for example: not eligible for auto-proxying)
2019-01-17 18:26:07.409  INFO 3064 --- [restartedMain] o.s.b.w.embedded.tomcat.TomcatWebServer  : Tomcat initialized with port(s): 8088 (http)
2019-01-17 18:26:07.424  INFO 3064 --- [restartedMain] o.apache.catalina.core.StandardService   : Starting service [Tomcat]
2019-01-17 18:26:07.424  INFO 3064 --- [restartedMain] org.apache.catalina.core.StandardEngine  : Starting Servlet Engine: Apache Tomcat/9.0.13
2019-01-17 18:26:07.429  INFO 3064 --- [restartedMain] o.a.catalina.core.AprLifecycleListener   : Loaded APR based Apache Tomcat Native library [1.2.18] using APR version [1.6.5].
2019-01-17 18:26:07.430  INFO 3064 --- [restartedMain] o.a.catalina.core.AprLifecycleListener   : APR capabilities: IPv6 [true], sendfile [true], accept filters [false], random [true].
2019-01-17 18:26:07.430  INFO 3064 --- [restartedMain] o.a.catalina.core.AprLifecycleListener   : APR/OpenSSL configuration: useAprConnector [false], useOpenSSL [true]
2019-01-17 18:26:07.433  INFO 3064 --- [restartedMain] o.a.catalina.core.AprLifecycleListener   : OpenSSL successfully initialized [OpenSSL 1.1.1  11 Sep 2018]
2019-01-17 18:26:07.530  INFO 3064 --- [restartedMain] o.a.c.c.C.[Tomcat].[localhost].[/hans]   : Initializing Spring embedded WebApplicationContext
2019-01-17 18:26:07.530  INFO 3064 --- [restartedMain] o.s.web.context.ContextLoader            : Root WebApplicationContext: initialization completed in 2832 ms
2019-01-17 18:26:07.669  INFO 3064 --- [restartedMain] c.a.d.s.b.a.DruidDataSourceAutoConfigure : Init DruidDataSource
2019-01-17 18:26:07.850  INFO 3064 --- [restartedMain] com.alibaba.druid.pool.DruidDataSource   : {dataSource-1} inited
2019-01-17 18:26:08.598  INFO 3064 --- [restartedMain] o.s.s.concurrent.ThreadPoolTaskExecutor  : Initializing ExecutorService 'applicationTaskExecutor'
2019-01-17 18:26:08.691  WARN 3064 --- [restartedMain] org.thymeleaf.templatemode.TemplateMode  : [THYMELEAF][restartedMain] Template Mode 'HTML5' is deprecated. Using Template Mode 'HTML' instead.
2019-01-17 18:26:09.369  INFO 3064 --- [restartedMain] o.s.s.c.ThreadPoolTaskScheduler          : Initializing ExecutorService 'taskScheduler'
2019-01-17 18:26:09.404  INFO 3064 --- [restartedMain] o.s.b.d.a.OptionalLiveReloadServer       : LiveReload server is running on port 35729
2019-01-17 18:26:09.461  INFO 3064 --- [restartedMain] o.s.b.w.embedded.tomcat.TomcatWebServer  : Tomcat started on port(s): 8088 (http) with context path '/hans'
2019-01-17 18:26:09.464  INFO 3064 --- [restartedMain] c.h.s.SpingbootDemoApplication           : Started SpingbootDemoApplication in 5.613 seconds (JVM running for 6.469)
